<?xml version="1.0" encoding="UTF-8"?>
<div>
  <p>a:b-c)d</p>
</div>
